[03:00:09] [main/INFO]: Loading Minecraft 1.20.1 with Fabric Loader 0.15.11
[03:00:09] [main/WARN]: Warnings were found!
 - Mod 'Create Enchantment Industry' (create_enchantment_industry) 1.2.16 recommends version 0.5.1-f-build.1335+mc1.20.1 of mod 'Create' (create), but only the wrong version is present: 0.5.1-f-build.1417+mc1.20.1!
	 - You should install version 0.5.1-f-build.1335+mc1.20.1 of mod 'Create' (create) for the optimal experience.
 - Mod 'Extended Drawers' (extended_drawers) 2.1.1+mc.1.20.1 recommends any version of patchouli, which is missing!
	 - You should install any version of patchouli for the optimal experience.
[03:00:09] [main/INFO]: Loading 217 mods:
	- amendments 1.20-1.1.27
	   \-- mixinsquared 0.1.1
	- architectury 9.1.12
	- armorstatues 8.0.5
	   \-- puzzlesapi 8.1.4
	        |-- cardinal-components-base 5.2.2
	        |-- cardinal-components-entity 5.2.2
	        \-- puzzlesaccessapi 8.0.7
	- athena 3.1.1
	- axiom 3.2.1
	   |-- com_moulberry_axiomclientapi_axiomclientapi_ 1.0.0
	   |-- com_moulberry_mixinconstraints 1.0.1
	   \-- mixinextras 0.3.5
	- balm-fabric 7.3.6
	   \-- kuma_api 20.1.8
	- betterarcheology 1.1.0
	- betterstats 3.7+fabric-1.20.1
	   \-- tcdcommons 3.7+fabric-1.20.1
	- bigcontraptions 1.0
	- bookshelf 20.1.8
	- botanypots 13.0.18
	- botarium 2.3.4
	   \-- team_reborn_energy 3.0.0
	- c2me 0.2.0+alpha.11.0
	   |-- c2me-base 0.2.0+alpha.11.0
	   |-- c2me-client-uncapvd 0.2.0+alpha.11.0
	   |-- c2me-fixes-chunkio-threading-issues 0.2.0+alpha.11.0
	   |-- c2me-fixes-general-threading-issues 0.2.0+alpha.11.0
	   |-- c2me-fixes-worldgen-threading-issues 0.2.0+alpha.11.0
	   |-- c2me-fixes-worldgen-vanilla-bugs 0.2.0+alpha.11.0
	   |-- c2me-notickvd 0.2.0+alpha.11.0
	   |-- c2me-opts-allocs 0.2.0+alpha.11.0
	   |-- c2me-opts-chunk-access 0.2.0+alpha.11.0
	   |-- c2me-opts-chunkio 0.2.0+alpha.11.0
	   |-- c2me-opts-math 0.2.0+alpha.11.0
	   |-- c2me-opts-scheduling 0.2.0+alpha.11.0
	   |-- c2me-opts-worldgen-general 0.2.0+alpha.11.0
	   |-- c2me-opts-worldgen-vanilla 0.2.0+alpha.11.0
	   |-- c2me-rewrites-chunk-serializer 0.2.0+alpha.11.0
	   |-- c2me-rewrites-chunkio 0.2.0+alpha.11.0
	   |-- c2me-server-utils 0.2.0+alpha.11.0
	   |-- c2me-threading-chunkio 0.2.0+alpha.11.0
	   |-- c2me-threading-lighting 0.2.0+alpha.11.0
	   |-- c2me-threading-worldgen 0.2.0+alpha.11.0
	   |-- com_ibm_async_asyncutil 0.1.0
	   |-- net_objecthunter_exp4j 0.4.8
	   \-- org_threadly_threadly 7.0
	- chipped 3.0.6
	- chunky 1.3.92
	- cloth-config 11.1.118
	   \-- cloth-basic-math 0.6.1
	- comforts 6.3.5+1.20.1
	   \-- spectrelib 0.13.15+1.20.1
	- connectiblechains 2.2.1+1.20.1
	- copycats 2.1.2+mc.1.20.1-fabric
	- create 0.5.1-f-build.1417+mc1.20.1
	   |-- com_electronwill_night-config_core 3.6.6
	   |-- com_electronwill_night-config_toml 3.6.6
	   |-- com_google_code_findbugs_jsr305 3.0.2
	   |-- flywheel 0.6.10-2
	   |-- milk 1.2.60
	   |    \-- dripstone_fluid_lib 3.0.2
	   |-- porting_lib_brewing 2.3.2+1.20.1
	   |-- porting_lib_client_events 2.3.2+1.20.1
	   |-- porting_lib_models 2.3.2+1.20.1
	   |    \-- porting_lib_model_loader 2.3.2+1.20.1
	   |-- porting_lib_obj_loader 2.3.2+1.20.1
	   |    \-- porting_lib_model_loader 2.3.2+1.20.1
	   |-- porting_lib_tags 3.0
	   |-- reach-entity-attributes 2.4.0
	   \-- registrate-fabric 1.3.62-MC1.20.1
	        |-- porting_lib_data 2.1.1090+1.20
	        |    \-- porting_lib_gametest 2.1.1090+1.20
	        \-- porting_lib_model_generators 2.1.1090+1.20
	             |-- porting_lib_gametest 2.1.1090+1.20
	             \-- porting_lib_model_materials 2.1.1090+1.20
	- create_armor_trims 2.0.1
	- create_enchantment_industry 1.2.16
	   \-- create_dragon_lib 1.4.2
	- create_new_age 1.1.2
	- create_power_loader 1.5.3-mc1.20.1-fabric
	   \-- porting_lib_chunk_loading 2.3.0+1.20.1
	- createdeco 2.0.2-1.20.1-fabric
	- createrailwaysnavigator 1.20.1-0.5.5
	   \-- dragonlib 1.20.1-2.1.14
	- decorative_blocks 4.0.3
	- easyanvils 8.0.1
	- easymagic 8.0.1
	- emi 1.0.29+1.20.1+fabric
	- emi_enchanting 0.1.0+1.20.1
	- emi_loot 0.6.5+1.20.1
	- extended_drawers 2.1.1+mc.1.20.1
	   |-- config_toolkit 1.0.0
	   |    |-- io_determann_shadow-api-17 0.1.1
	   |    \-- net_fabricmc_javapoet 0.1.0
	   |-- graphlib 1.4.0+1.20
	   |    |-- kmodlib-overlay 0.2.12+1.20
	   |    \-- libnetworkstack 0.10.0
	   \-- noindium 1.1.0+1.20
	- extra-mod-integrations 0.4.1+1.20.1
	- fabric-api 0.91.0+1.20.1
	   |-- fabric-api-base 0.4.30+7abfd51577
	   |-- fabric-api-lookup-api-v1 1.6.35+4d8536c977
	   |-- fabric-biome-api-v1 13.0.12+215bbe9677
	   |-- fabric-block-api-v1 1.0.10+92a0d36777
	   |-- fabric-block-view-api-v2 1.0.0+92a0d36777
	   |-- fabric-blockrenderlayer-v1 1.1.40+b3afc78b77
	   |-- fabric-client-tags-api-v1 1.1.1+97bb207577
	   |-- fabric-command-api-v1 1.2.33+f71b366f77
	   |-- fabric-command-api-v2 2.2.12+b3afc78b77
	   |-- fabric-commands-v0 0.2.50+df3654b377
	   |-- fabric-containers-v0 0.1.63+df3654b377
	   |-- fabric-content-registries-v0 4.0.10+57aed33f77
	   |-- fabric-convention-tags-v1 1.5.4+a1a980da77
	   |-- fabric-crash-report-info-v1 0.2.18+aeb40ebe77
	   |-- fabric-data-generation-api-v1 12.3.3+d7b148e077
	   |-- fabric-dimensions-v1 2.1.53+8536527b77
	   |-- fabric-entity-events-v1 1.5.22+b3afc78b77
	   |-- fabric-events-interaction-v0 0.6.1+e91849a877
	   |-- fabric-events-lifecycle-v0 0.2.62+df3654b377
	   |-- fabric-game-rule-api-v1 1.0.39+ae9f657a77
	   |-- fabric-item-api-v1 2.1.27+b3afc78b77
	   |-- fabric-item-group-api-v1 4.0.11+d7b148e077
	   |-- fabric-key-binding-api-v1 1.0.36+fb8d95da77
	   |-- fabric-keybindings-v0 0.2.34+df3654b377
	   |-- fabric-lifecycle-events-v1 2.2.21+b3afc78b77
	   |-- fabric-loot-api-v2 1.2.0+96dfa95977
	   |-- fabric-loot-tables-v1 1.1.44+9e7660c677
	   |-- fabric-message-api-v1 5.1.8+d7b148e077
	   |-- fabric-mining-level-api-v1 2.1.49+b3afc78b77
	   |-- fabric-model-loading-api-v1 1.0.2+709a987177
	   |-- fabric-models-v0 0.4.1+9386d8a777
	   |-- fabric-networking-api-v1 1.3.10+eeb8eb3677
	   |-- fabric-networking-v0 0.3.50+df3654b377
	   |-- fabric-object-builder-api-v1 11.1.2+4ee0bc6077
	   |-- fabric-particles-v1 1.1.1+201a23a077
	   |-- fabric-recipe-api-v1 1.0.20+b3afc78b77
	   |-- fabric-registry-sync-v0 2.3.2+4df89eb277
	   |-- fabric-renderer-api-v1 3.2.0+39a511ba77
	   |-- fabric-renderer-indigo 1.5.0+39a511ba77
	   |-- fabric-renderer-registries-v1 3.2.45+df3654b377
	   |-- fabric-rendering-data-attachment-v1 0.3.36+92a0d36777
	   |-- fabric-rendering-fluids-v1 3.0.27+b3afc78b77
	   |-- fabric-rendering-v0 1.1.48+df3654b377
	   |-- fabric-rendering-v1 3.0.7+b3afc78b77
	   |-- fabric-resource-conditions-api-v1 2.3.7+29de845d77
	   |-- fabric-resource-loader-v0 0.11.9+132c48c177
	   |-- fabric-screen-api-v1 2.0.7+b3afc78b77
	   |-- fabric-screen-handler-api-v1 1.3.29+b3afc78b77
	   |-- fabric-sound-api-v1 1.0.12+b3afc78b77
	   |-- fabric-transfer-api-v1 3.3.3+c81d263177
	   \-- fabric-transitive-access-wideners-v1 4.3.0+6c31357e77
	- fabric-language-kotlin 1.10.17+kotlin.1.9.22
	   |-- org_jetbrains_kotlin_kotlin-reflect 1.9.22
	   |-- org_jetbrains_kotlin_kotlin-stdlib 1.9.22
	   |-- org_jetbrains_kotlin_kotlin-stdlib-jdk7 1.9.22
	   |-- org_jetbrains_kotlin_kotlin-stdlib-jdk8 1.9.22
	   |-- org_jetbrains_kotlinx_atomicfu-jvm 0.23.1
	   |-- org_jetbrains_kotlinx_kotlinx-coroutines-core-jvm 1.7.3
	   |-- org_jetbrains_kotlinx_kotlinx-coroutines-jdk8 1.7.3
	   |-- org_jetbrains_kotlinx_kotlinx-datetime-jvm 0.5.0
	   |-- org_jetbrains_kotlinx_kotlinx-serialization-cbor-jvm 1.6.2
	   |-- org_jetbrains_kotlinx_kotlinx-serialization-core-jvm 1.6.2
	   \-- org_jetbrains_kotlinx_kotlinx-serialization-json-jvm 1.6.2
	- fabricloader 0.15.11
	   \-- mixinextras 0.3.5
	- farmersdelight 1.20.1-2.1.6+refabricated
	   |-- mm 2.3
	   |-- porting_lib_accessors 2.3.4+1.20.1
	   |    \-- porting_lib_core 2.3.4+1.20.1
	   |-- porting_lib_base 2.3.4+1.20.1
	   |    |-- com_electronwill_night-config_core 3.6.6
	   |    |-- com_electronwill_night-config_toml 3.6.6
	   |    |-- porting_lib_attributes 2.3.4+1.20.1
	   |    |-- porting_lib_common 2.3.4+1.20.1
	   |    |-- porting_lib_core 2.3.4+1.20.1
	   |    |-- porting_lib_entity 2.3.4+1.20.1
	   |    |-- porting_lib_extensions 2.3.4+1.20.1
	   |    |-- porting_lib_fluids 2.3.4+1.20.1
	   |    |-- porting_lib_mixin_extensions 2.3.4+1.20.1
	   |    |-- porting_lib_transfer 2.3.4+1.20.1
	   |    |-- porting_lib_utility 2.3.4+1.20.1
	   |    \-- reach-entity-attributes 2.4.0
	   |-- porting_lib_config 2.3.4+1.20.1
	   |    |-- com_electronwill_night-config_core 3.6.6
	   |    |-- com_electronwill_night-config_toml 3.6.6
	   |    \-- porting_lib_core 2.3.4+1.20.1
	   |-- porting_lib_lazy_registration 2.3.4+1.20.1
	   |    \-- porting_lib_core 2.3.4+1.20.1
	   |-- porting_lib_loot 2.3.4+1.20.1
	   |    \-- porting_lib_core 2.3.4+1.20.1
	   |-- porting_lib_networking 2.3.4+1.20.1
	   |    \-- porting_lib_core 2.3.4+1.20.1
	   |-- porting_lib_recipe_book_categories 2.3.4+1.20.1
	   |    \-- porting_lib_core 2.3.4+1.20.1
	   \-- porting_lib_tool_actions 2.3.4+1.20.1
	        \-- porting_lib_core 2.3.4+1.20.1
	- ferritecore 6.0.1
	- forgeconfigapiport 8.0.0
	- immersive_paintings 0.6.7+1.20.1
	- immersive_weathering 1.20.1-2.0.0
	- inmis 2.7.2-1.20.1
	   \-- omega-config 1.2.3-1.18.1
	- inmisaddon 1.0.4
	- jade 11.7.0
	- jadeaddons 5.2.3
	- jamlib 0.6.1+1.20.x
	- java 17
	- kubejs 2001.6.4-build.120
	- labels 1.20-1.19
	- lazydfu 0.1.3
	- lithium 0.11.2
	- lootjs 1.20.1-2.10.4
	- memoryleakfix 1.1.5
	- minecraft 1.20.1
	- modernfix 5.11.1+mc1.20.1
	- moonlight 1.20-2.11.9
	- mr_create_modtrims 1.0.0
	- naturescompass 1.20.1-2.2.3-fabric
	- niftycarts 3.0.2+1.20.1
	- observable 4.4.0
	- puzzleslib 8.1.11
	   \-- puzzlesaccessapi 8.0.7
	- railways 1.6.4+fabric-mc1.20.1
	   |-- mixinextras 0.3.5
	   \-- mm 2.3
	- resourcefullib 2.1.20
	   |-- com_teamresourceful_bytecodecs 1.0.2
	   \-- com_teamresourceful_yabn 1.0.3
	- respitecreators 1.2.0
	- rhino 2001.2.2-build.18
	- rightclickharvest 3.2.3+1.19.x-1.20.1-fabric
	- shulkerboxtooltip 4.0.4+1.20.1
	- simpletrims 0.2.0
	- sliceanddice 3.2.3
	- smallships 2.0.0-b1.4
	- spark 1.10.53
	   \-- fabric-permissions-api-v0 0.1-SNAPSHOT
	- trinkets 3.7.1
	- verdantvibes 1.0.1-1.20.1
	- waystones 14.1.4
	- xaerominimap 24.2.0
	- xaeroworldmap 1.38.8
	- yet_another_config_lib_v3 3.4.2+1.20.1-fabric
	   |-- com_twelvemonkeys_common_common-image 3.10.0
	   |-- com_twelvemonkeys_common_common-io 3.10.0
	   |-- com_twelvemonkeys_common_common-lang 3.10.0
	   |-- com_twelvemonkeys_imageio_imageio-core 3.10.0
	   |-- com_twelvemonkeys_imageio_imageio-metadata 3.10.0
	   |-- com_twelvemonkeys_imageio_imageio-webp 3.10.0
	   |-- org_quiltmc_parsers_gson 0.2.1
	   \-- org_quiltmc_parsers_json 0.2.1
[03:00:09] [main/INFO]: SpongePowered MIXIN Subsystem Version=0.8.5 Source=file:/home/container/libraries/net/fabricmc/sponge-mixin/0.13.3+mixin.0.8.5/sponge-mixin-0.13.3+mixin.0.8.5.jar Service=Knot/Fabric Env=SERVER
[03:00:09] [main/INFO]: Compatibility level set to JAVA_17
[03:00:09] [main/INFO]: Loading Mixin Plugin for Axiom/3.2.1
[03:00:09] [main/WARN]: Reference map 'bigcontraptions-fabric-refmap.json' for bigcontraptions.mixins.json could not be read. If this is a development environment you can ignore this message
[03:00:09] [main/INFO]: Initializing com.ishland.c2me.base.mixin
[03:00:09] [main/INFO]: Initializing com.ishland.c2me.fixes.chunkio.threading_issues.mixin
[03:00:09] [main/INFO]: Initializing com.ishland.c2me.fixes.general.threading_issues.mixin
[03:00:09] [main/INFO]: Initializing com.ishland.c2me.fixes.worldgen.threading_issues.mixin
[03:00:09] [main/INFO]: Initializing com.ishland.c2me.fixes.worldgen.vanilla_bugs.mixin
[03:00:09] [main/INFO]: Initializing com.ishland.c2me.notickvd.mixin
[03:00:09] [main/INFO]: Initializing com.ishland.c2me.opts.allocs.mixin
[03:00:09] [main/INFO]: Initializing com.ishland.c2me.opts.chunk_access.mixin
[03:00:09] [main/INFO]: Initializing com.ishland.c2me.opts.chunkio.mixin
[03:00:09] [main/INFO]: Initializing com.ishland.c2me.opts.math.mixin
[03:00:09] [main/INFO]: Initializing com.ishland.c2me.opts.scheduling.mixin
[03:00:09] [main/INFO]: Initializing com.ishland.c2me.opts.worldgen.general.mixin
[03:00:09] [main/INFO]: Initializing com.ishland.c2me.opts.worldgen.vanilla.mixin
[03:00:09] [main/INFO]: Initializing com.ishland.c2me.rewrites.chunk_serializer.mixin
[03:00:09] [main/INFO]: Disabling config ioSystem.gcFreeChunkSerializer: Incompatible with architectury@9.1.12 (*) (defined in c2me)
[03:00:09] [main/INFO]: Disabling com.ishland.c2me.rewrites.chunk_serializer.mixin
[03:00:09] [main/INFO]: Initializing com.ishland.c2me.rewrites.chunkio.mixin
[03:00:09] [main/INFO]: Initializing com.ishland.c2me.server.utils.mixin
[03:00:09] [main/INFO]: Initializing com.ishland.c2me.threading.chunkio.mixin
[03:00:09] [main/INFO]: Initializing com.ishland.c2me.threading.lighting.mixin
[03:00:09] [main/INFO]: Initializing com.ishland.c2me.threading.worldgen.mixin
[03:00:09] [main/WARN]: Reference map 'configtoolkit-refmap.json' for configtoolkit.mixins.json could not be read. If this is a development environment you can ignore this message
[03:00:09] [main/WARN]: Reference map 'createdeco-fabric-refmap.json' for createdeco.mixins.json could not be read. If this is a development environment you can ignore this message
[03:00:09] [main/WARN]: Reference map 'immersive_paintings-common-refmap.json' for immersive_paintings.mixin.json could not be read. If this is a development environment you can ignore this message
[03:00:09] [main/WARN]: Reference map 'labels-fabric-refmap.json' for labels.mixins.json could not be read. If this is a development environment you can ignore this message
[03:00:09] [main/WARN]: Reference map 'labels-common-refmap.json' for labels-common.mixins.json could not be read. If this is a development environment you can ignore this message
[03:00:09] [main/INFO]: Loaded configuration file for Lithium: 115 options available, 2 override(s) found
[03:00:09] [main/WARN]: Reference map 'memoryleakfix-fabric-1.17+-fabric-refmap.json' for memoryleakfix-fabric.mixins.json could not be read. If this is a development environment you can ignore this message
[03:00:09] [main/INFO]: Loaded configuration file for ModernFix 5.11.1+mc1.20.1: 52 options available, 4 override(s) found
[03:00:09] [main/WARN]: Option 'mixin.bugfix.paper_chunk_patches' overriden (by mods [c2me]) to 'false'
[03:00:09] [main/WARN]: Option 'mixin.perf.cache_strongholds' overriden (by mods [c2me]) to 'false'
[03:00:09] [main/WARN]: Option 'mixin.perf.nbt_memory_usage' overriden (by mods [c2me]) to 'false'
[03:00:09] [main/WARN]: Option 'mixin.bugfix.chunk_deadlock' overriden (by mods [c2me]) to 'false'
[03:00:09] [main/INFO]: Applying Nashorn fix
[03:00:10] [main/WARN]: Error loading class: net/minecraft/class_906 (java.lang.ClassNotFoundException: net/minecraft/class_906)
[03:00:10] [main/WARN]: @Mixin target net.minecraft.class_906 was not found porting_lib_tool_actions.mixins.json:FishingHookRendererMixin from mod porting_lib_tool_actions
[03:00:10] [main/WARN]: Error loading class: link/infra/indium/renderer/helper/GeometryHelper (java.lang.ClassNotFoundException: link/infra/indium/renderer/helper/GeometryHelper)
[03:00:10] [main/WARN]: Error loading class: net/fabricmc/fabric/impl/client/indigo/renderer/helper/GeometryHelper (java.lang.ClassNotFoundException: net/fabricmc/fabric/impl/client/indigo/renderer/helper/GeometryHelper)
[03:00:10] [main/WARN]: Error loading class: com/firemerald/additionalplacements/common/ConfigCommon (java.lang.ClassNotFoundException: com/firemerald/additionalplacements/common/ConfigCommon)
[03:00:10] [main/WARN]: Error loading class: com/firemerald/additionalplacements/block/AdditionalPlacementBlock (java.lang.ClassNotFoundException: com/firemerald/additionalplacements/block/AdditionalPlacementBlock)
[03:00:10] [main/WARN]: @Mixin target com.firemerald.additionalplacements.block.AdditionalPlacementBlock was not found copycats-common.mixins.json:compat.additionalplacements.PlacementBlockMixin from mod copycats
[03:00:10] [main/WARN]: Error loading class: me/jellysquid/mods/lithium/common/ai/pathing/PathNodeDefaults (java.lang.ClassNotFoundException: me/jellysquid/mods/lithium/common/ai/pathing/PathNodeDefaults)
[03:00:10] [main/WARN]: Error loading class: me/jellysquid/mods/sodium/client/render/chunk/compile/pipeline/BlockOcclusionCache (java.lang.ClassNotFoundException: me/jellysquid/mods/sodium/client/render/chunk/compile/pipeline/BlockOcclusionCache)
[03:00:10] [main/WARN]: Error loading class: me/jellysquid/mods/sodium/client/render/chunk/compile/pipeline/BlockRenderer (java.lang.ClassNotFoundException: me/jellysquid/mods/sodium/client/render/chunk/compile/pipeline/BlockRenderer)
[03:00:10] [main/WARN]: Error loading class: net/minecraft/class_1007 (java.lang.ClassNotFoundException: net/minecraft/class_1007)
[03:00:10] [main/WARN]: @Mixin target net.minecraft.class_1007 was not found inmis.mixins.json:client.PlayerEntityFeatureMixin from mod inmis
[03:00:10] [main/WARN]: Force-disabling mixin 'alloc.blockstate.StateMixin' as rule 'mixin.alloc.blockstate' (added by mods [ferritecore]) disables it and children
[03:00:10] [main/WARN]: Force-disabling mixin 'world.player_chunk_tick.ThreadedAnvilChunkStorageMixin' as rule 'mixin.world.player_chunk_tick' (added by mods [c2me]) disables it and children
[03:00:10] [main/WARN]: Error loading class: net/minecraft/class_5616 (java.lang.ClassNotFoundException: net/minecraft/class_5616)
[03:00:10] [main/WARN]: @Mixin target net.minecraft.class_5616 was not found registrate-fabric.mixins.json:accessor.BlockEntityRenderersAccessor from mod registrate-fabric
[03:00:10] [main/INFO]: [MemoryLeakFix] Will be applying 1 memory leak fixes!
[03:00:10] [main/INFO]: [MemoryLeakFix] Currently enabled memory leak fixes: [biomeTemperatureLeak]
[03:00:10] [main/WARN]: Error loading class: com/firemerald/additionalplacements/block/AdditionalPlacementBlock (java.lang.ClassNotFoundException: com/firemerald/additionalplacements/block/AdditionalPlacementBlock)
[03:00:10] [main/WARN]: Error loading class: com/firemerald/additionalplacements/block/AdditionalPlacementBlock (java.lang.ClassNotFoundException: com/firemerald/additionalplacements/block/AdditionalPlacementBlock)
[03:00:10] [main/WARN]: Error loading class: net/minecraft/class_314 (java.lang.ClassNotFoundException: net/minecraft/class_314)
[03:00:10] [main/WARN]: @Mixin target net.minecraft.class_314 was not found mixins.mm.json:net.minecraft.class_314 from mod mm
[03:00:10] [main/INFO]: Initializing MixinExtras via com.llamalad7.mixinextras.service.MixinExtrasServiceImpl(version=0.3.5).
[03:00:11] [main/WARN]: @Inject(@At("INVOKE")) Shift.BY=2 on porting_lib_entity.mixins.json:common.LivingEntityMixin from mod porting_lib_entity::handler$cmc000$porting_lib_entity$port_lib$onFinishUsing exceeds the maximum allowed value: 0. Increase the value of maxShiftBy to suppress this warning.
[03:00:11] [main/WARN]: Error loading class: com/firemerald/additionalplacements/block/AdditionalPlacementBlock (java.lang.ClassNotFoundException: com/firemerald/additionalplacements/block/AdditionalPlacementBlock)
[03:00:11] [main/WARN]: Error loading class: com/firemerald/additionalplacements/block/AdditionalPlacementBlock (java.lang.ClassNotFoundException: com/firemerald/additionalplacements/block/AdditionalPlacementBlock)
[03:00:11] [main/WARN]: Error loading class: com/firemerald/additionalplacements/block/AdditionalPlacementBlock (java.lang.ClassNotFoundException: com/firemerald/additionalplacements/block/AdditionalPlacementBlock)
[03:00:11] [main/WARN]: Error loading class: com/firemerald/additionalplacements/block/AdditionalPlacementBlock (java.lang.ClassNotFoundException: com/firemerald/additionalplacements/block/AdditionalPlacementBlock)
[03:00:11] [main/WARN]: Error loading class: com/firemerald/additionalplacements/block/AdditionalPlacementBlock (java.lang.ClassNotFoundException: com/firemerald/additionalplacements/block/AdditionalPlacementBlock)
[03:00:11] [main/INFO]: Injecting BlockStateBase cache population hook into getNeighborPathNodeType from me.jellysquid.mods.lithium.mixin.ai.pathing.AbstractBlockStateMixin
[03:00:11] [main/INFO]: Injecting BlockStateBase cache population hook into getPathNodeType from me.jellysquid.mods.lithium.mixin.ai.pathing.AbstractBlockStateMixin
[03:00:11] [main/INFO]: Injecting BlockStateBase cache population hook into getAllFlags from me.jellysquid.mods.lithium.mixin.util.block_tracking.AbstractBlockStateMixin
[03:00:12] [main/WARN]: Method overwrite conflict for method_21740 in modernfix-common.mixins.json:perf.remove_biome_temperature_cache.BiomeMixin from mod modernfix, previously written by me.jellysquid.mods.lithium.mixin.world.temperature_cache.BiomeMixin. Skipping method.
[03:00:13] [main/INFO]: Vanilla bootstrap took 2185 milliseconds
[03:00:13] [main/INFO]: Loaded config amendments-common.json
[03:00:13] [main/INFO]: Constructing common components for armorstatues:main
[03:00:13] [main/INFO]: Initializing Axiom/3.2.1. Build timestamp: 1720427700783
[03:00:13] [main/INFO]: Better Archeology says Hello
[03:00:13] [main/INFO]: [STDOUT]: All 4 have been set properly
[03:00:13] [main/INFO]: Registering Items from betterarcheology
[03:00:13] [main/INFO]: Registering Blocks from betterarcheology
[03:00:13] [main/INFO]: ModEntityTypes of betterarcheology registered.
[03:00:13] [main/INFO]: Registering Enchantments for betterarcheology
[03:00:13] [main/INFO]: Fixing MC-151457. Crafting remainder for minecraft:pufferfish_bucket is now minecraft:bucket.
[03:00:13] [main/INFO]: Fixing MC-151457. Crafting remainder for minecraft:salmon_bucket is now minecraft:bucket.
[03:00:13] [main/INFO]: Fixing MC-151457. Crafting remainder for minecraft:cod_bucket is now minecraft:bucket.
[03:00:13] [main/INFO]: Fixing MC-151457. Crafting remainder for minecraft:tropical_fish_bucket is now minecraft:bucket.
[03:00:13] [main/INFO]: Fixing MC-151457. Crafting remainder for minecraft:axolotl_bucket is now minecraft:bucket.
[03:00:13] [main/INFO]: Fixing MC-151457. Crafting remainder for minecraft:powder_snow_bucket is now minecraft:bucket.
[03:00:13] [main/INFO]: Fixing MC-151457. Crafting remainder for minecraft:tadpole_bucket is now minecraft:bucket.
[03:00:13] [main/INFO]: Initialized entity types.
[03:00:14] [main/INFO]: Create: Dragon Lib Create Dragon Lib has initialized, ready to support your Create add-ons!
[03:00:14] [main/INFO]: CEI: hyper_experience_orb got converted to hyper_experience_orb
[03:00:14] [main/INFO]: CEI: hyper_experience_bottle got converted to hyper_experience_bottle
[03:00:14] [main/INFO]: Hello 1.20.1 Create!
[03:00:14] [main/INFO]: Registering items for Create Deco
[03:00:14] [main/INFO]: Registering blocks for Create Deco
[03:00:14] [main/INFO]: Create Deco is accessing Porting Lib on a Fabric server!
[03:00:14] [main/INFO]: placard tooltip was null
[03:00:14] [main/INFO]: placard tooltip was null
[03:00:14] [main/INFO]: placard tooltip was null
[03:00:14] [main/INFO]: placard tooltip was null
[03:00:14] [main/INFO]: placard tooltip was null
[03:00:14] [main/INFO]: placard tooltip was null
[03:00:14] [main/INFO]: placard tooltip was null
[03:00:14] [main/INFO]: placard tooltip was null
[03:00:14] [main/INFO]: placard tooltip was null
[03:00:14] [main/INFO]: placard tooltip was null
[03:00:14] [main/INFO]: placard tooltip was null
[03:00:14] [main/INFO]: placard tooltip was null
[03:00:14] [main/INFO]: placard tooltip was null
[03:00:14] [main/INFO]: placard tooltip was null
[03:00:14] [main/INFO]: placard tooltip was null
[03:00:14] [main/INFO]: Custom display sources registered!
[03:00:14] [main/INFO]: Registering C2S receiver with id createrailwaysnavigator:crn_network/1d0ac4252cec31ad974c93918eb8736a
[03:00:14] [main/INFO]: Registering C2S receiver with id createrailwaysnavigator:crn_network/bbbe938f50123ae1a33b88e7702baeea
[03:00:14] [main/INFO]: Registering C2S receiver with id createrailwaysnavigator:crn_network/7ef86e5181523d3db4e2f82200447e8b
[03:00:14] [main/INFO]: Registering C2S receiver with id createrailwaysnavigator:crn_network/a8b984aca0483ef78b864bf9f2aea80e
[03:00:14] [main/INFO]: Registering C2S receiver with id createrailwaysnavigator:crn_network/a4b07d566354311dbfb4afc69c314726
[03:00:14] [main/INFO]: Registering C2S receiver with id createrailwaysnavigator:crn_network/685f763aee52352ebea05f6dd442d557
[03:00:14] [main/INFO]: Registering C2S receiver with id createrailwaysnavigator:crn_network/43caef3f3dec30568576203d12b10bf7
[03:00:14] [main/INFO]: Registering C2S receiver with id createrailwaysnavigator:crn_network/67724a3b3531326f95653bc1614cf875
[03:00:14] [main/INFO]: Registering C2S receiver with id createrailwaysnavigator:crn_network/24de284ed1a534cfb2664200bfb3b1e3
[03:00:14] [main/INFO]: Registering C2S receiver with id createrailwaysnavigator:crn_network/719b62978114348a9d67f5bf04e4ea90
[03:00:14] [main/INFO]: Registering C2S receiver with id createrailwaysnavigator:crn_network/830f6d92d9633e2f916bf733eb0b9a61
[03:00:14] [main/INFO]: Registering C2S receiver with id createrailwaysnavigator:crn_network/5c835cb0e3b4349ea7abbf594560160f
[03:00:14] [main/INFO]: Registering C2S receiver with id createrailwaysnavigator:crn_network/bee93fe017d03b659de7d1bc090ce35a
[03:00:14] [main/INFO]: Registering C2S receiver with id createrailwaysnavigator:crn_network/cdcde435daae3fba8a42bb8799687e48
[03:00:14] [main/INFO]: Registering C2S receiver with id createrailwaysnavigator:crn_network/b977ce0284d33fc79f13f0af88be87d7
[03:00:14] [main/INFO]: Registering C2S receiver with id createrailwaysnavigator:crn_network/adecdf88fb7a3b969b956d7830ea92db
[03:00:14] [main/INFO]: Registering C2S receiver with id createrailwaysnavigator:crn_network/5bab7ef58bee35718294293ce78aa556
[03:00:14] [main/INFO]: Registering C2S receiver with id createrailwaysnavigator:crn_network/76c802420d82316d9a98b73c163ad7ed
[03:00:14] [main/INFO]: Registering C2S receiver with id dragonlib:dragonlib_network/69a65f20acde32448da097b16eacfce9
[03:00:14] [main/INFO]: Registering C2S receiver with id dragonlib:dragonlib_network/69d73e101ecb38b59cc59ce369f9f0e6
[03:00:14] [Wyvern/INFO]:                            +++ ? +++                             
[03:00:14] [Wyvern/INFO]: ------------------------------------------------------------------
[03:00:14] [Wyvern/INFO]:                   Loaded DRAGONLIB by MRJULSEN!                   
[03:00:14] [Wyvern/INFO]:                      Minecraft Fabric 1.20.1                     
[03:00:14] [Wyvern/INFO]:              Discord: https://discord.gg/AeSbNgvc7f               
[03:00:14] [Wyvern/INFO]:       GitHub: https://github.com/MisterJulsen/MC-DragonLib2       
[03:00:14] [Wyvern/INFO]:  Bug Reports: https://github.com/MisterJulsen/MC-DragonLib2/issues
[03:00:14] [Wyvern/INFO]: ------------------------------------------------------------------
[03:00:14] [Wyvern/INFO]:                            +++ ? +++                             
[03:00:14] [main/INFO]: Constructing common components for easyanvils:main
[03:00:14] [main/INFO]: Constructing common components for easymagic:main
[03:00:14] [main/INFO]: Initializing GraphLib...
[03:00:14] [main/INFO]: GraphLib Initialized.
[03:00:14] [main/INFO]: Loaded config immersive_weathering-common.json
[03:00:14] [main/INFO]: [jamlib] Mod initialized!
[03:00:14] [main/INFO]: Loaded common.properties
[03:00:14] [main/INFO]: Loaded dev.properties
[03:00:14] [main/INFO]: Looking for KubeJS plugins...
[03:00:14] [main/INFO]: Found plugin source kubejs
[03:00:14] [main/WARN]: Plugin dev.latvian.mods.kubejs.fabric.BuiltinKubeJSFabricClientPlugin does not load on server side, skipping
[03:00:14] [main/INFO]: Found plugin source lootjs
[03:00:14] [main/INFO]: Done in 8.106 ms
[03:00:14] [main/INFO]: Loading Rhino Minecraft remapper...
[03:00:14] [main/INFO]: Rhino properties loaded.
[03:00:14] [main/INFO]: Loading mappings for 1.20.1
[03:00:14] [main/INFO]: Done in 0.039 s
[03:00:14] [main/INFO]: [STDERR]: [Rhino] Failed to get declared methods for dev.latvian.mods.kubejs.bindings.KMath: java.lang.NoClassDefFoundError: net/minecraft/class_4587
[03:00:15] [main/INFO]: example.js#5: Hello, World! (Loaded startup scripts)
[03:00:15] [main/INFO]: Loaded script startup_scripts:example.js in 0.02 s
[03:00:15] [main/INFO]: Loaded 1/1 KubeJS startup scripts in 0.119 s with 0 errors and 0 warnings
[03:00:15] [main/INFO]: Registering C2S receiver with id kubejs:send_data_from_client
[03:00:15] [main/INFO]: Registering C2S receiver with id kubejs:first_click
[03:00:15] [main/INFO]: Definitely not up to no good
[03:00:15] [main/INFO]: Registering class observable.net.BetterChannel$PartialPacketBegin
[03:00:15] [main/INFO]: Registering C2S receiver with id minecraft:channel/observable/61a49a35c5283c0aaa7b0dfea5b7a53a
[03:00:15] [main/INFO]: Registered class observable.net.BetterChannel$PartialPacketBegin
[03:00:15] [main/INFO]: Registering class observable.net.BetterChannel$PartialPacketData
[03:00:15] [main/INFO]: Registering C2S receiver with id minecraft:channel/observable/3dd73fd88be832559bc3a3c4a2e63b4a
[03:00:15] [main/INFO]: Registered class observable.net.BetterChannel$PartialPacketData
[03:00:15] [main/INFO]: Registering class observable.net.C2SPacket$InitTPSProfile
[03:00:15] [main/INFO]: Registering C2S receiver with id minecraft:channel/observable/b453c08f23b83b82b690c31bf8b2a45a
[03:00:15] [main/INFO]: Registered class observable.net.C2SPacket$InitTPSProfile
[03:00:15] [main/INFO]: Registering class observable.net.C2SPacket$RequestAvailability
[03:00:15] [main/INFO]: Registering C2S receiver with id minecraft:channel/observable/0c662822629034678f5a8f0e70375315
[03:00:15] [main/INFO]: Registered class observable.net.C2SPacket$RequestAvailability
[03:00:15] [main/INFO]: Registering class observable.net.S2CPacket$ProfilingStarted
[03:00:15] [main/INFO]: Registering C2S receiver with id minecraft:channel/observable/2e815604a29b3a5cbfe0208e619d86c4
[03:00:15] [main/INFO]: Registered class observable.net.S2CPacket$ProfilingStarted
[03:00:15] [main/INFO]: Registering class observable.net.S2CPacket$ProfilingCompleted
[03:00:15] [main/INFO]: Registering C2S receiver with id minecraft:channel/observable/9ae83199b65a3768862799cc5e461a02
[03:00:15] [main/INFO]: Registered class observable.net.S2CPacket$ProfilingCompleted
[03:00:15] [main/INFO]: Registering class observable.net.S2CPacket$ProfilerInactive
[03:00:15] [main/INFO]: Registering C2S receiver with id minecraft:channel/observable/ae8dfae1238e312397aa53e9d14c45ca
[03:00:15] [main/INFO]: Registered class observable.net.S2CPacket$ProfilerInactive
[03:00:15] [main/INFO]: Registering class observable.net.S2CPacket$ProfilingResult
[03:00:15] [main/INFO]: Registering C2S receiver with id minecraft:channel/observable/3a94cae7336038df9152bcb7b4b94825
[03:00:15] [main/INFO]: Registered class observable.net.S2CPacket$ProfilingResult
[03:00:15] [main/INFO]: Registering class observable.net.S2CPacket$Availability
[03:00:15] [main/INFO]: Registering C2S receiver with id minecraft:channel/observable/c86a824e756d312396d1ba30e943e6aa
[03:00:15] [main/INFO]: Registered class observable.net.S2CPacket$Availability
[03:00:15] [main/INFO]: Constructing common components for puzzlesapi:iteminteractions
[03:00:15] [main/INFO]: Constructing common components for puzzlesapi:slotcycling
[03:00:15] [main/INFO]: Constructing common components for puzzlesapi:limitlesscontainers
[03:00:15] [main/INFO]: Constructing common components for puzzlesapi:statues
[03:00:15] [main/INFO]: Constructing common components for puzzleslib:main
[03:00:15] [main/INFO]: Registered bogey styles from railways
[03:00:15] [main/INFO]: Registering data fixers
[03:00:15] [main/INFO]: Bypassed Mojang DFU
[03:00:15] [main/INFO]: Instantiating Mojang DFU
[03:00:15] [main/INFO]: 0 Datafixer optimizations took 0 milliseconds
[03:00:15] [main/INFO]: Registering tracks for Hex Casting
[03:00:15] [main/INFO]: Registering tracks for Oh The Biomes You'll Go
[03:00:15] [main/INFO]: Registering tracks for Blue Skies
[03:00:15] [main/INFO]: Registering tracks for Twilight Forest
[03:00:15] [main/INFO]: Registering tracks for Biomes O' Plenty
[03:00:15] [main/INFO]: Registering tracks for Nature's Spirit
[03:00:15] [main/INFO]: Registering tracks for Dreams and Desires
[03:00:15] [main/INFO]: Registering tracks for Quark
[03:00:15] [main/INFO]: Registering tracks for TerraFirmaCraft
[03:00:15] [main/INFO]: [rightclickharvest] Initializing VersionUtils
[03:00:15] [main/INFO]: [rightclickharvest] VersionUtils initialized successfully
[03:00:15] [main/INFO]: [jamlib] Registered config for rightclickharvest
[03:00:15] [main/INFO]: [rightclickharvest] Mod initialized!
[03:00:15] [main/INFO]: don't try to send textures over packets worst mistake of my life (initialized)
[03:00:15] [main/INFO]: Registering Blocks from verdantvibes
[03:00:15] [main/INFO]: Registering Villagers verdantvibes
[03:00:15] [main/INFO]: Registering TreeDecorators from verdantvibes
[03:00:15] [main/INFO]: Hello Fabric world!
[03:00:15] [main/INFO]: Welcome to the CREATE RAILWAYS NAVIGATOR mod by MRJULSEN.
[03:00:15] [main/INFO]: Initializing 'Better Statistics Screen' as 'BetterStatsServer'.
[03:00:16] [main/INFO]: Initialized block sets in 14ms
[03:00:16] [main/INFO]: Initialized color sets in 40ms
[03:00:16] [main/INFO]: Initializing 'TCD Commons API' 3.7+fabric-1.20.1 as 'TCDCommonsServer'.
[03:00:16] [main/INFO]: Loading Xaero's Minimap - Stage 1/2 (Server)
[03:00:16] [main/INFO]: Loading Xaero's World Map - Stage 1/2 (Server)
[03:00:16] [main/WARN]: You specified a resource pack without providing a sha1 hash. Pack will be updated on the client only if you change the name of the pack.
[03:00:16] [main/INFO]: Environment: authHost='https://authserver.mojang.com', accountsHost='https://api.mojang.com', sessionHost='https://sessionserver.mojang.com', servicesHost='https://api.minecraftservices.com', name='PROD'
[03:00:16] [main/INFO]: Generated runtime SERVER_DATA for pack Immersive Weathering Generated Pack (immersive_weathering) in: 12 ms
[03:00:16] [main/INFO]: Generated runtime SERVER_DATA for pack Immersive Weathering Generated Pack (immersive_weathering) in: 6 ms
[03:00:16] [main/INFO]: [STDERR]: [Rhino] Failed to get declared methods for dev.latvian.mods.kubejs.bindings.KMath: java.lang.NoClassDefFoundError: net/minecraft/class_4587
[03:00:16] [main/INFO]: example.js#5: Hello, World! (Loaded server scripts)
[03:00:16] [main/INFO]: Loaded script server_scripts:example.js in 0.001 s
[03:00:16] [main/INFO]: Loaded 1/1 KubeJS server scripts in 0.009 s with 0 errors and 0 warnings
[03:00:16] [main/INFO]: Scripts loaded
[03:00:16] [main/INFO]: Dynamically generated Trim Material Definition for assetname 'brass'
[03:00:16] [main/INFO]: Dynamically generated Trim Material Definition for assetname 'exp'
[03:00:16] [main/INFO]: Dynamically generated Trim Material Definition for assetname 'refined_radiance'
[03:00:16] [main/INFO]: Dynamically generated Trim Material Definition for assetname 'rose_quartz'
[03:00:16] [main/INFO]: Dynamically generated Trim Material Definition for assetname 'shadow_steel'
[03:00:16] [main/INFO]: Dynamically generated Trim Material Definition for assetname 'zinc'
[03:00:16] [main/WARN]: farmersrespite:caffeinated missing from registry, but requested!
[03:00:16] [main/WARN]: wilderwild:reach_boost missing from registry, but requested!
[03:00:16] [main/INFO]: [fabric-registry-sync] Loaded registry data [file 1/4]
[03:00:17] [main/INFO]: parsing loot tables
[03:00:17] [main/INFO]: finished parsing loot tables
[03:00:17] [main/ERROR]: Parsing error loading recipe farmersrespite:sequenced_assembly/black_cod
com.google.gson.JsonSyntaxException: Unknown item 'farmersrespite:black_tea_leaves'
	at net.minecraft.class_1869.method_17878(class_1869.java:272) ~[server-intermediary.jar:?]
	at java.util.Optional.orElseThrow(Optional.java:403) ~[?:?]
	at net.minecraft.class_1869.method_8155(class_1869.java:272) ~[server-intermediary.jar:?]
	at net.minecraft.class_1856.method_8107(class_1856.java:160) ~[server-intermediary.jar:?]
	at net.minecraft.class_1856.method_8102(class_1856.java:143) ~[server-intermediary.jar:?]
	at net.minecraft.class_1856.method_52177(class_1856.java:135) ~[server-intermediary.jar:?]
	at com.simibubi.create.content.processing.recipe.ProcessingRecipeSerializer.readFromJson(ProcessingRecipeSerializer.java:66) ~[create-fabric-0.5.1-f-build.1417+mc1.20.1.jar:?]
	at com.simibubi.create.content.processing.recipe.ProcessingRecipeSerializer.fromJson(ProcessingRecipeSerializer.java:154) ~[create-fabric-0.5.1-f-build.1417+mc1.20.1.jar:?]
	at com.simibubi.create.content.processing.recipe.ProcessingRecipeSerializer.method_8121(ProcessingRecipeSerializer.java:21) ~[create-fabric-0.5.1-f-build.1417+mc1.20.1.jar:?]
	at net.minecraft.class_1863.method_17720(class_1863.java:135) ~[server-intermediary.jar:?]
	at com.simibubi.create.content.processing.sequenced.SequencedRecipe.fromJson(SequencedRecipe.java:49) ~[create-fabric-0.5.1-f-build.1417+mc1.20.1.jar:?]
	at com.simibubi.create.content.processing.sequenced.SequencedAssemblyRecipeSerializer.readFromJson(SequencedAssemblyRecipeSerializer.java:36) ~[create-fabric-0.5.1-f-build.1417+mc1.20.1.jar:?]
	at com.simibubi.create.content.processing.sequenced.SequencedAssemblyRecipeSerializer.fromJson(SequencedAssemblyRecipeSerializer.java:74) ~[create-fabric-0.5.1-f-build.1417+mc1.20.1.jar:?]
	at com.simibubi.create.content.processing.sequenced.SequencedAssemblyRecipeSerializer.method_8121(SequencedAssemblyRecipeSerializer.java:14) ~[create-fabric-0.5.1-f-build.1417+mc1.20.1.jar:?]
	at net.minecraft.class_1863.method_17720(class_1863.java:135) ~[server-intermediary.jar:?]
	at net.minecraft.class_1863.method_20705(class_1863.java:56) ~[server-intermediary.jar:?]
	at net.minecraft.class_1863.method_18788(class_1863.java:35) ~[server-intermediary.jar:?]
	at net.minecraft.class_4080.method_18790(class_4080.java:13) ~[server-intermediary.jar:?]
	at java.util.concurrent.CompletableFuture$UniAccept.tryFire(CompletableFuture.java:718) ~[?:?]
	at java.util.concurrent.CompletableFuture$Completion.run(CompletableFuture.java:482) ~[?:?]
	at net.minecraft.class_4014.method_18365(class_4014.java:69) ~[server-intermediary.jar:?]
	at net.minecraft.class_156.method_43498(class_156.java:950) ~[server-intermediary.jar:?]
	at net.minecraft.class_156.method_43499(class_156.java:938) ~[server-intermediary.jar:?]
	at net.minecraft.server.Main.main(Main.java:160) ~[server-intermediary.jar:?]
	at net.fabricmc.loader.impl.game.minecraft.MinecraftGameProvider.launch(MinecraftGameProvider.java:470) ~[fabric-loader-0.15.11.jar:?]
	at net.fabricmc.loader.impl.launch.knot.Knot.launch(Knot.java:74) ~[fabric-loader-0.15.11.jar:?]
	at net.fabricmc.loader.impl.launch.knot.KnotServer.main(KnotServer.java:23) ~[fabric-loader-0.15.11.jar:?]
	at net.fabricmc.loader.impl.launch.server.FabricServerLauncher.main(FabricServerLauncher.java:69) ~[fabric-loader-0.15.11.jar:?]
[03:00:17] [main/INFO]: Loaded 38 recipes
[03:00:17] [main/INFO]: Injecting recipes
[03:00:17] [main/ERROR]: Parsing error loading custom advancement naturescompass:natures_compass: Expected items to be a JsonArray, was "min...ss"
[03:00:17] [main/ERROR]: Parsing error loading custom advancement copycats:recipes/crafting/copycat_stairs_from_conversion: Missing criteria, expected to find a JsonObject
[03:00:17] [main/ERROR]: Parsing error loading custom advancement copycats:recipes/crafting/copycat_step_from_conversion: Missing criteria, expected to find a JsonObject
[03:00:17] [main/ERROR]: Parsing error loading custom advancement copycats:recipes/crafting/copycat_slice_from_conversion: Missing criteria, expected to find a JsonObject
[03:00:17] [main/ERROR]: Parsing error loading custom advancement copycats:recipes/crafting/copycat_slope_from_conversion: Missing criteria, expected to find a JsonObject
[03:00:17] [main/ERROR]: Parsing error loading custom advancement copycats:recipes/crafting/copycat_slab_from_steps: Missing criteria, expected to find a JsonObject
[03:00:17] [main/ERROR]: Parsing error loading custom advancement copycats:recipes/crafting/copycat_panel_from_conversion: Missing criteria, expected to find a JsonObject
[03:00:17] [main/ERROR]: Parsing error loading custom advancement copycats:recipes/crafting/copycat_layer_from_half_layers: Missing criteria, expected to find a JsonObject
[03:00:17] [main/ERROR]: Parsing error loading custom advancement copycats:recipes/crafting/copycat_vertical_stairs_from_conversion: Missing criteria, expected to find a JsonObject
[03:00:17] [main/ERROR]: Parsing error loading custom advancement copycats:recipes/crafting/copycat_block_from_slabs: Missing criteria, expected to find a JsonObject
[03:00:17] [main/ERROR]: Parsing error loading custom advancement copycats:recipes/crafting/copycat_vertical_slope_from_conversion: Missing criteria, expected to find a JsonObject
[03:00:17] [main/ERROR]: Parsing error loading custom advancement copycats:recipes/crafting/copycat_vertical_step_from_conversion: Missing criteria, expected to find a JsonObject
[03:00:17] [main/ERROR]: Parsing error loading custom advancement copycats:recipes/crafting/copycat_catwalk: Missing criteria, expected to find a JsonObject
[03:00:17] [main/ERROR]: Parsing error loading custom advancement copycats:recipes/crafting/copycat_box: Missing criteria, expected to find a JsonObject
[03:00:17] [main/ERROR]: Parsing error loading custom advancement copycats:recipes/crafting/copycat_panel_from_half_panels: Missing criteria, expected to find a JsonObject
[03:00:17] [main/ERROR]: Parsing error loading custom advancement copycats:recipes/crafting/copycat_slab_from_beams: Missing criteria, expected to find a JsonObject
[03:00:17] [main/ERROR]: Parsing error loading custom advancement copycats:recipes/crafting/copycat_trapdoor_from_conversion: Missing criteria, expected to find a JsonObject
[03:00:17] [main/ERROR]: Parsing error loading custom advancement copycats:recipes/crafting/copycat_vertical_slice_from_conversion: Missing criteria, expected to find a JsonObject
[03:00:17] [main/ERROR]: Parsing error loading custom advancement copycats:recipes/crafting/copycat_slab_from_panels: Missing criteria, expected to find a JsonObject
[03:00:17] [main/INFO]: Loaded 5192 advancements
[03:00:17] [main/INFO]: Loaded 78 block growths configurations
[03:00:17] [main/INFO]: Loaded 14 liquid generators configurations
[03:00:17] [main/INFO]: Applied 563 biome modifications to 64 of 64 new biomes in 10.30 ms
[03:00:17] [Server thread/INFO]: Loading server config for easyanvils
[03:00:17] [Thread-2/INFO]: Reloading server config for easyanvils
[03:00:17] [Server thread/INFO]: Loading server config for easymagic
[03:00:17] [Server thread/INFO]: Loading server config for puzzlesapi
[03:00:17] [Thread-2/INFO]: Reloading server config for easyanvils
[03:00:17] [Server thread/INFO]: Starting background profiler...
[03:00:17] [Server thread/INFO]: Starting minecraft server version 1.20.1
[03:00:17] [Server thread/INFO]: Loading properties
[03:00:17] [Server thread/INFO]: Default game type: SURVIVAL
[03:00:17] [Server thread/INFO]: Generating keypair
[03:00:18] [Server thread/INFO]: Starting Minecraft server on 162.222.197.193:25565
[03:00:18] [Server thread/INFO]: Using epoll channel type
[03:00:18] [Server thread/INFO]: Preparing level "world"
[03:00:18] [Server thread/INFO]: Enforcing safe world random access
[03:00:18] [Server thread/INFO]: Preparing start region for dimension minecraft:overworld
[03:00:18] [Server thread/INFO]: Server resource reload complete!
[03:00:18] [C2ME worker #3/INFO]: Preparing spawn area: 0%
[03:00:18] [C2ME worker #1/INFO]: Preparing spawn area: 0%
[03:00:18] [C2ME worker #4/INFO]: Preparing spawn area: 0%
[03:00:18] [C2ME worker #2/INFO]: Preparing spawn area: 0%
[03:00:18] [C2ME worker #5/INFO]: Preparing spawn area: 0%
[03:00:19] [C2ME worker #2/INFO]: Preparing spawn area: 99%
[03:00:19] [Server thread/INFO]: [STDOUT]: Finalizing fluid item registration
[03:00:19] [Server thread/INFO]: Time elapsed: 704 ms
[03:00:19] [Server thread/INFO]: Done (1.187s)! For help, type "help"
[03:00:19] [Server thread/WARN]: Dedicated server took 10.545 seconds to load
[03:00:19] [Server thread/INFO]: TrainListener started.
[03:00:19] [Server thread/INFO]: Registered thread Server thread
[03:00:19] [Server thread/INFO]: Start loading plugin from Jade
[03:00:19] [Server thread/INFO]: Start loading plugin from Jade
[03:00:19] [Server thread/INFO]: Start loading plugin from Jade
[03:00:19] [Server thread/INFO]: Start loading plugin from Jade Addons
[03:00:19] [Server thread/INFO]: Start loading plugin from Jade Addons
[03:00:19] [Server thread/INFO]: Start loading plugin from Waystones
[03:00:19] [Server thread/INFO]: Loading Xaero's Minimap - Stage 2/2 (Server)
[03:00:19] [Server thread/INFO]: Loading Xaero's World Map - Stage 2/2 (Server)
[03:00:19] [Server thread/INFO]: [STDOUT]: Finalizing fluid block registration
[03:20:27] [Netty Epoll Server IO #8/ERROR]: Exception occurred in netty pipeline
io.netty.handler.timeout.ReadTimeoutException: null
[04:34:25] [User Authenticator #1/INFO]: Disconnecting /185.65.134.175:46128: Failed to verify username!
[04:34:25] [User Authenticator #1/ERROR]: Username 'Clorvak' tried to join with an invalid session
[04:34:25] [Server thread/INFO]: /185.65.134.175:46128 lost connection: Failed to verify username!
[08:38:51] [Netty Epoll Server IO #21/ERROR]: Exception occurred in netty pipeline
io.netty.channel.unix.Errors$NativeIoException: recvAddress(..) failed: Connection reset by peer
[08:39:01] [Netty Epoll Server IO #22/ERROR]: Exception occurred in netty pipeline
io.netty.handler.codec.DecoderException: java.lang.IndexOutOfBoundsException: Index 3 out of bounds for length 1
	at io.netty.handler.codec.ByteToMessageDecoder.callDecode(ByteToMessageDecoder.java:489) ~[netty-codec-4.1.82.Final.jar:?]
	at io.netty.handler.codec.ByteToMessageDecoder.channelRead(ByteToMessageDecoder.java:280) ~[netty-codec-4.1.82.Final.jar:?]
	at io.netty.channel.AbstractChannelHandlerContext.invokeChannelRead(AbstractChannelHandlerContext.java:379) ~[netty-transport-4.1.82.Final.jar:?]
	at io.netty.channel.AbstractChannelHandlerContext.invokeChannelRead(AbstractChannelHandlerContext.java:365) ~[netty-transport-4.1.82.Final.jar:?]
	at io.netty.channel.AbstractChannelHandlerContext.fireChannelRead(AbstractChannelHandlerContext.java:357) ~[netty-transport-4.1.82.Final.jar:?]
	at io.netty.handler.codec.ByteToMessageDecoder.fireChannelRead(ByteToMessageDecoder.java:336) ~[netty-codec-4.1.82.Final.jar:?]
	at io.netty.handler.codec.ByteToMessageDecoder.fireChannelRead(ByteToMessageDecoder.java:323) ~[netty-codec-4.1.82.Final.jar:?]
	at io.netty.handler.codec.ByteToMessageDecoder.callDecode(ByteToMessageDecoder.java:444) ~[netty-codec-4.1.82.Final.jar:?]
	at io.netty.handler.codec.ByteToMessageDecoder.channelRead(ByteToMessageDecoder.java:280) ~[netty-codec-4.1.82.Final.jar:?]
	at io.netty.channel.AbstractChannelHandlerContext.invokeChannelRead(AbstractChannelHandlerContext.java:379) ~[netty-transport-4.1.82.Final.jar:?]
	at io.netty.channel.AbstractChannelHandlerContext.invokeChannelRead(AbstractChannelHandlerContext.java:365) ~[netty-transport-4.1.82.Final.jar:?]
	at io.netty.channel.AbstractChannelHandlerContext.fireChannelRead(AbstractChannelHandlerContext.java:357) ~[netty-transport-4.1.82.Final.jar:?]
	at net.minecraft.class_3238.channelRead(class_3238.java:95) ~[server-intermediary.jar:?]
	at io.netty.channel.AbstractChannelHandlerContext.invokeChannelRead(AbstractChannelHandlerContext.java:379) ~[netty-transport-4.1.82.Final.jar:?]
	at io.netty.channel.AbstractChannelHandlerContext.invokeChannelRead(AbstractChannelHandlerContext.java:365) ~[netty-transport-4.1.82.Final.jar:?]
	at io.netty.channel.AbstractChannelHandlerContext.fireChannelRead(AbstractChannelHandlerContext.java:357) ~[netty-transport-4.1.82.Final.jar:?]
	at io.netty.handler.timeout.IdleStateHandler.channelRead(IdleStateHandler.java:286) ~[netty-handler-4.1.82.Final.jar:?]
	at io.netty.channel.AbstractChannelHandlerContext.invokeChannelRead(AbstractChannelHandlerContext.java:379) ~[netty-transport-4.1.82.Final.jar:?]
	at io.netty.channel.AbstractChannelHandlerContext.invokeChannelRead(AbstractChannelHandlerContext.java:365) ~[netty-transport-4.1.82.Final.jar:?]
	at io.netty.channel.AbstractChannelHandlerContext.fireChannelRead(AbstractChannelHandlerContext.java:357) ~[netty-transport-4.1.82.Final.jar:?]
	at io.netty.channel.DefaultChannelPipeline$HeadContext.channelRead(DefaultChannelPipeline.java:1410) ~[netty-transport-4.1.82.Final.jar:?]
	at io.netty.channel.AbstractChannelHandlerContext.invokeChannelRead(AbstractChannelHandlerContext.java:379) ~[netty-transport-4.1.82.Final.jar:?]
	at io.netty.channel.AbstractChannelHandlerContext.invokeChannelRead(AbstractChannelHandlerContext.java:365) ~[netty-transport-4.1.82.Final.jar:?]
	at io.netty.channel.DefaultChannelPipeline.fireChannelRead(DefaultChannelPipeline.java:919) ~[netty-transport-4.1.82.Final.jar:?]
	at io.netty.channel.epoll.AbstractEpollStreamChannel$EpollStreamUnsafe.epollInReady(AbstractEpollStreamChannel.java:800) ~[netty-transport-classes-epoll-4.1.82.Final.jar:?]
	at io.netty.channel.epoll.EpollEventLoop.processReady(EpollEventLoop.java:499) ~[netty-transport-classes-epoll-4.1.82.Final.jar:?]
	at io.netty.channel.epoll.EpollEventLoop.run(EpollEventLoop.java:397) ~[netty-transport-classes-epoll-4.1.82.Final.jar:?]
	at io.netty.util.concurrent.SingleThreadEventExecutor$4.run(SingleThreadEventExecutor.java:997) ~[netty-common-4.1.82.Final.jar:?]
	at io.netty.util.internal.ThreadExecutorMap$2.run(ThreadExecutorMap.java:74) ~[netty-common-4.1.82.Final.jar:?]
	at java.lang.Thread.run(Thread.java:840) ~[?:?]
Caused by: java.lang.IndexOutOfBoundsException: Index 3 out of bounds for length 1
	at jdk.internal.util.Preconditions.outOfBounds(Preconditions.java:64) ~[?:?]
	at jdk.internal.util.Preconditions.outOfBoundsCheckIndex(Preconditions.java:70) ~[?:?]
	at jdk.internal.util.Preconditions.checkIndex(Preconditions.java:266) ~[?:?]
	at java.util.Objects.checkIndex(Objects.java:361) ~[?:?]
	at java.util.ArrayList.get(ArrayList.java:427) ~[?:?]
	at net.minecraft.class_2539$class_4532.method_22310(class_2539.java:458) ~[server-intermediary.jar:?]
	at net.minecraft.class_2539.method_10783(class_2539.java:522) ~[server-intermediary.jar:?]
	at net.minecraft.class_2543.decode(class_2543.java:32) ~[server-intermediary.jar:?]
	at io.netty.handler.codec.ByteToMessageDecoder.decodeRemovalReentryProtection(ByteToMessageDecoder.java:519) ~[netty-codec-4.1.82.Final.jar:?]
	at io.netty.handler.codec.ByteToMessageDecoder.callDecode(ByteToMessageDecoder.java:458) ~[netty-codec-4.1.82.Final.jar:?]
	... 29 more
[08:39:12] [Netty Epoll Server IO #23/ERROR]: Exception occurred in netty pipeline
io.netty.handler.codec.DecoderException: java.lang.IndexOutOfBoundsException: Index 69 out of bounds for length 1
	at io.netty.handler.codec.ByteToMessageDecoder.callDecode(ByteToMessageDecoder.java:489) ~[netty-codec-4.1.82.Final.jar:?]
	at io.netty.handler.codec.ByteToMessageDecoder.channelRead(ByteToMessageDecoder.java:280) ~[netty-codec-4.1.82.Final.jar:?]
	at io.netty.channel.AbstractChannelHandlerContext.invokeChannelRead(AbstractChannelHandlerContext.java:379) ~[netty-transport-4.1.82.Final.jar:?]
	at io.netty.channel.AbstractChannelHandlerContext.invokeChannelRead(AbstractChannelHandlerContext.java:365) ~[netty-transport-4.1.82.Final.jar:?]
	at io.netty.channel.AbstractChannelHandlerContext.fireChannelRead(AbstractChannelHandlerContext.java:357) ~[netty-transport-4.1.82.Final.jar:?]
	at io.netty.handler.codec.ByteToMessageDecoder.fireChannelRead(ByteToMessageDecoder.java:336) ~[netty-codec-4.1.82.Final.jar:?]
	at io.netty.handler.codec.ByteToMessageDecoder.fireChannelRead(ByteToMessageDecoder.java:323) ~[netty-codec-4.1.82.Final.jar:?]
	at io.netty.handler.codec.ByteToMessageDecoder.callDecode(ByteToMessageDecoder.java:444) ~[netty-codec-4.1.82.Final.jar:?]
	at io.netty.handler.codec.ByteToMessageDecoder.channelRead(ByteToMessageDecoder.java:280) ~[netty-codec-4.1.82.Final.jar:?]
	at io.netty.channel.AbstractChannelHandlerContext.invokeChannelRead(AbstractChannelHandlerContext.java:379) ~[netty-transport-4.1.82.Final.jar:?]
	at io.netty.channel.AbstractChannelHandlerContext.invokeChannelRead(AbstractChannelHandlerContext.java:365) ~[netty-transport-4.1.82.Final.jar:?]
	at io.netty.channel.AbstractChannelHandlerContext.fireChannelRead(AbstractChannelHandlerContext.java:357) ~[netty-transport-4.1.82.Final.jar:?]
	at net.minecraft.class_3238.channelRead(class_3238.java:95) ~[server-intermediary.jar:?]
	at io.netty.channel.AbstractChannelHandlerContext.invokeChannelRead(AbstractChannelHandlerContext.java:379) ~[netty-transport-4.1.82.Final.jar:?]
	at io.netty.channel.AbstractChannelHandlerContext.invokeChannelRead(AbstractChannelHandlerContext.java:365) ~[netty-transport-4.1.82.Final.jar:?]
	at io.netty.channel.AbstractChannelHandlerContext.fireChannelRead(AbstractChannelHandlerContext.java:357) ~[netty-transport-4.1.82.Final.jar:?]
	at io.netty.handler.timeout.IdleStateHandler.channelRead(IdleStateHandler.java:286) ~[netty-handler-4.1.82.Final.jar:?]
	at io.netty.channel.AbstractChannelHandlerContext.invokeChannelRead(AbstractChannelHandlerContext.java:379) ~[netty-transport-4.1.82.Final.jar:?]
	at io.netty.channel.AbstractChannelHandlerContext.invokeChannelRead(AbstractChannelHandlerContext.java:365) ~[netty-transport-4.1.82.Final.jar:?]
	at io.netty.channel.AbstractChannelHandlerContext.fireChannelRead(AbstractChannelHandlerContext.java:357) ~[netty-transport-4.1.82.Final.jar:?]
	at io.netty.channel.DefaultChannelPipeline$HeadContext.channelRead(DefaultChannelPipeline.java:1410) ~[netty-transport-4.1.82.Final.jar:?]
	at io.netty.channel.AbstractChannelHandlerContext.invokeChannelRead(AbstractChannelHandlerContext.java:379) ~[netty-transport-4.1.82.Final.jar:?]
	at io.netty.channel.AbstractChannelHandlerContext.invokeChannelRead(AbstractChannelHandlerContext.java:365) ~[netty-transport-4.1.82.Final.jar:?]
	at io.netty.channel.DefaultChannelPipeline.fireChannelRead(DefaultChannelPipeline.java:919) ~[netty-transport-4.1.82.Final.jar:?]
	at io.netty.channel.epoll.AbstractEpollStreamChannel$EpollStreamUnsafe.epollInReady(AbstractEpollStreamChannel.java:800) ~[netty-transport-classes-epoll-4.1.82.Final.jar:?]
	at io.netty.channel.epoll.EpollEventLoop.processReady(EpollEventLoop.java:499) ~[netty-transport-classes-epoll-4.1.82.Final.jar:?]
	at io.netty.channel.epoll.EpollEventLoop.run(EpollEventLoop.java:397) ~[netty-transport-classes-epoll-4.1.82.Final.jar:?]
	at io.netty.util.concurrent.SingleThreadEventExecutor$4.run(SingleThreadEventExecutor.java:997) ~[netty-common-4.1.82.Final.jar:?]
	at io.netty.util.internal.ThreadExecutorMap$2.run(ThreadExecutorMap.java:74) ~[netty-common-4.1.82.Final.jar:?]
	at java.lang.Thread.run(Thread.java:840) ~[?:?]
Caused by: java.lang.IndexOutOfBoundsException: Index 69 out of bounds for length 1
	at jdk.internal.util.Preconditions.outOfBounds(Preconditions.java:64) ~[?:?]
	at jdk.internal.util.Preconditions.outOfBoundsCheckIndex(Preconditions.java:70) ~[?:?]
	at jdk.internal.util.Preconditions.checkIndex(Preconditions.java:266) ~[?:?]
	at java.util.Objects.checkIndex(Objects.java:361) ~[?:?]
	at java.util.ArrayList.get(ArrayList.java:427) ~[?:?]
	at net.minecraft.class_2539$class_4532.method_22310(class_2539.java:458) ~[server-intermediary.jar:?]
	at net.minecraft.class_2539.method_10783(class_2539.java:522) ~[server-intermediary.jar:?]
	at net.minecraft.class_2543.decode(class_2543.java:32) ~[server-intermediary.jar:?]
	at io.netty.handler.codec.ByteToMessageDecoder.decodeRemovalReentryProtection(ByteToMessageDecoder.java:519) ~[netty-codec-4.1.82.Final.jar:?]
	at io.netty.handler.codec.ByteToMessageDecoder.callDecode(ByteToMessageDecoder.java:458) ~[netty-codec-4.1.82.Final.jar:?]
	... 29 more
[08:39:22] [Netty Epoll Server IO #24/ERROR]: Exception occurred in netty pipeline
io.netty.handler.codec.DecoderException: java.lang.IndexOutOfBoundsException: index: 3, length: 19 (expected: range(0, 3))
	at io.netty.handler.codec.ByteToMessageDecoder.callDecode(ByteToMessageDecoder.java:489) ~[netty-codec-4.1.82.Final.jar:?]
	at io.netty.handler.codec.ByteToMessageDecoder.channelRead(ByteToMessageDecoder.java:280) ~[netty-codec-4.1.82.Final.jar:?]
	at io.netty.channel.AbstractChannelHandlerContext.invokeChannelRead(AbstractChannelHandlerContext.java:379) ~[netty-transport-4.1.82.Final.jar:?]
	at io.netty.channel.AbstractChannelHandlerContext.invokeChannelRead(AbstractChannelHandlerContext.java:365) ~[netty-transport-4.1.82.Final.jar:?]
	at io.netty.channel.AbstractChannelHandlerContext.fireChannelRead(AbstractChannelHandlerContext.java:357) ~[netty-transport-4.1.82.Final.jar:?]
	at io.netty.handler.codec.ByteToMessageDecoder.fireChannelRead(ByteToMessageDecoder.java:336) ~[netty-codec-4.1.82.Final.jar:?]
	at io.netty.handler.codec.ByteToMessageDecoder.fireChannelRead(ByteToMessageDecoder.java:323) ~[netty-codec-4.1.82.Final.jar:?]
	at io.netty.handler.codec.ByteToMessageDecoder.callDecode(ByteToMessageDecoder.java:444) ~[netty-codec-4.1.82.Final.jar:?]
	at io.netty.handler.codec.ByteToMessageDecoder.channelRead(ByteToMessageDecoder.java:280) ~[netty-codec-4.1.82.Final.jar:?]
	at io.netty.channel.AbstractChannelHandlerContext.invokeChannelRead(AbstractChannelHandlerContext.java:379) ~[netty-transport-4.1.82.Final.jar:?]
	at io.netty.channel.AbstractChannelHandlerContext.invokeChannelRead(AbstractChannelHandlerContext.java:365) ~[netty-transport-4.1.82.Final.jar:?]
	at io.netty.channel.AbstractChannelHandlerContext.fireChannelRead(AbstractChannelHandlerContext.java:357) ~[netty-transport-4.1.82.Final.jar:?]
	at net.minecraft.class_3238.channelRead(class_3238.java:95) ~[server-intermediary.jar:?]
	at io.netty.channel.AbstractChannelHandlerContext.invokeChannelRead(AbstractChannelHandlerContext.java:379) ~[netty-transport-4.1.82.Final.jar:?]
	at io.netty.channel.AbstractChannelHandlerContext.invokeChannelRead(AbstractChannelHandlerContext.java:365) ~[netty-transport-4.1.82.Final.jar:?]
	at io.netty.channel.AbstractChannelHandlerContext.fireChannelRead(AbstractChannelHandlerContext.java:357) ~[netty-transport-4.1.82.Final.jar:?]
	at io.netty.handler.timeout.IdleStateHandler.channelRead(IdleStateHandler.java:286) ~[netty-handler-4.1.82.Final.jar:?]
	at io.netty.channel.AbstractChannelHandlerContext.invokeChannelRead(AbstractChannelHandlerContext.java:379) ~[netty-transport-4.1.82.Final.jar:?]
	at io.netty.channel.AbstractChannelHandlerContext.invokeChannelRead(AbstractChannelHandlerContext.java:365) ~[netty-transport-4.1.82.Final.jar:?]
	at io.netty.channel.AbstractChannelHandlerContext.fireChannelRead(AbstractChannelHandlerContext.java:357) ~[netty-transport-4.1.82.Final.jar:?]
	at io.netty.channel.DefaultChannelPipeline$HeadContext.channelRead(DefaultChannelPipeline.java:1410) ~[netty-transport-4.1.82.Final.jar:?]
	at io.netty.channel.AbstractChannelHandlerContext.invokeChannelRead(AbstractChannelHandlerContext.java:379) ~[netty-transport-4.1.82.Final.jar:?]
	at io.netty.channel.AbstractChannelHandlerContext.invokeChannelRead(AbstractChannelHandlerContext.java:365) ~[netty-transport-4.1.82.Final.jar:?]
	at io.netty.channel.DefaultChannelPipeline.fireChannelRead(DefaultChannelPipeline.java:919) ~[netty-transport-4.1.82.Final.jar:?]
	at io.netty.channel.epoll.AbstractEpollStreamChannel$EpollStreamUnsafe.epollInReady(AbstractEpollStreamChannel.java:800) ~[netty-transport-classes-epoll-4.1.82.Final.jar:?]
	at io.netty.channel.epoll.EpollEventLoop.processReady(EpollEventLoop.java:499) ~[netty-transport-classes-epoll-4.1.82.Final.jar:?]
	at io.netty.channel.epoll.EpollEventLoop.run(EpollEventLoop.java:397) ~[netty-transport-classes-epoll-4.1.82.Final.jar:?]
	at io.netty.util.concurrent.SingleThreadEventExecutor$4.run(SingleThreadEventExecutor.java:997) ~[netty-common-4.1.82.Final.jar:?]
	at io.netty.util.internal.ThreadExecutorMap$2.run(ThreadExecutorMap.java:74) ~[netty-common-4.1.82.Final.jar:?]
	at java.lang.Thread.run(Thread.java:840) ~[?:?]
Caused by: java.lang.IndexOutOfBoundsException: index: 3, length: 19 (expected: range(0, 3))
	at io.netty.buffer.AbstractByteBuf.checkRangeBounds(AbstractByteBuf.java:1390) ~[netty-buffer-4.1.82.Final.jar:?]
	at io.netty.buffer.AbstractByteBuf.checkIndex0(AbstractByteBuf.java:1397) ~[netty-buffer-4.1.82.Final.jar:?]
	at io.netty.buffer.AbstractByteBuf.checkIndex(AbstractByteBuf.java:1384) ~[netty-buffer-4.1.82.Final.jar:?]
	at io.netty.buffer.UnsafeByteBufUtil.getBytes(UnsafeByteBufUtil.java:481) ~[netty-buffer-4.1.82.Final.jar:?]
	at io.netty.buffer.PooledUnsafeDirectByteBuf.getBytes(PooledUnsafeDirectByteBuf.java:130) ~[netty-buffer-4.1.82.Final.jar:?]
	at io.netty.buffer.ByteBufUtil.decodeString(ByteBufUtil.java:1270) ~[netty-buffer-4.1.82.Final.jar:?]
	at io.netty.buffer.AbstractByteBuf.toString(AbstractByteBuf.java:1246) ~[netty-buffer-4.1.82.Final.jar:?]
	at net.minecraft.class_2540.toString(class_2540.java:1728) ~[server-intermediary.jar:?]
	at net.minecraft.class_2540.method_10800(class_2540.java:691) ~[server-intermediary.jar:?]
	at net.minecraft.class_2889.<init>(class_2889.java:28) ~[server-intermediary.jar:?]
	at net.minecraft.class_2539$class_4532.method_22310(class_2539.java:459) ~[server-intermediary.jar:?]
	at net.minecraft.class_2539.method_10783(class_2539.java:522) ~[server-intermediary.jar:?]
	at net.minecraft.class_2543.decode(class_2543.java:32) ~[server-intermediary.jar:?]
	at io.netty.handler.codec.ByteToMessageDecoder.decodeRemovalReentryProtection(ByteToMessageDecoder.java:519) ~[netty-codec-4.1.82.Final.jar:?]
	at io.netty.handler.codec.ByteToMessageDecoder.callDecode(ByteToMessageDecoder.java:458) ~[netty-codec-4.1.82.Final.jar:?]
	... 29 more
[08:45:56] [Server thread/INFO]: Stopping the server
[08:45:56] [Server thread/INFO]: TrainListener stopped.
[08:45:56] [Server thread/INFO]: Stopping server
[08:45:56] [Server thread/INFO]: Saving players
[08:45:56] [Server thread/INFO]: Saving worlds
[08:45:56] [Server thread/INFO]: Saving chunks for level 'ServerLevel[New World]'/minecraft:overworld
[08:45:56] [Server thread/INFO]: Saving chunks for level 'ServerLevel[New World]'/minecraft:the_end
[08:45:56] [Server thread/INFO]: Saving chunks for level 'ServerLevel[New World]'/minecraft:the_nether
[08:45:56] [Server thread/INFO]: ThreadedAnvilChunkStorage (world): All chunks are saved
[08:45:56] [Server thread/INFO]: ThreadedAnvilChunkStorage (DIM1): All chunks are saved
[08:45:56] [Server thread/INFO]: ThreadedAnvilChunkStorage (DIM-1): All chunks are saved
[08:45:56] [Server thread/INFO]: ThreadedAnvilChunkStorage: All dimensions are saved
[08:45:56] [C2ME Storage #3/INFO]: Storage thread Thread[C2ME Storage #3,8,main] stopped
[08:45:56] [C2ME Storage #2/INFO]: Storage thread Thread[C2ME Storage #2,8,main] stopped
[08:45:56] [C2ME Storage #1/INFO]: Storage thread Thread[C2ME Storage #1,8,main] stopped
[08:45:56] [C2ME Storage #6/INFO]: Storage thread Thread[C2ME Storage #6,8,main] stopped
[08:45:56] [C2ME Storage #5/INFO]: Storage thread Thread[C2ME Storage #5,8,main] stopped
[08:45:56] [C2ME Storage #4/INFO]: Storage thread Thread[C2ME Storage #4,8,main] stopped
[08:45:56] [C2ME Storage #9/INFO]: Storage thread Thread[C2ME Storage #9,8,main] stopped
[08:45:56] [C2ME Storage #8/INFO]: Storage thread Thread[C2ME Storage #8,8,main] stopped
[08:45:56] [C2ME Storage #7/INFO]: Storage thread Thread[C2ME Storage #7,8,main] stopped
[08:45:56] [Server thread/INFO]: Closed current Create Railways Navigator settings instance.
